#-----------------------------------------------------------
# Vivado v2018.3 (64-bit)
# SW Build 2405991 on Thu Dec  6 23:36:41 MST 2018
# IP Build 2404404 on Fri Dec  7 01:43:56 MST 2018
# Start of session at: Thu Feb 25 16:37:50 2021
# Process ID: 3177
# Current directory: /home/cmcnally/Repos/digital-design-intro/integrated-systems-desgin
# Command line: vivado
# Log file: /home/cmcnally/Repos/digital-design-intro/integrated-systems-desgin/vivado.log
# Journal file: /home/cmcnally/Repos/digital-design-intro/integrated-systems-desgin/vivado.jou
#-----------------------------------------------------------
start_gui
open_project /home/cmcnally/Repos/digital-design-intro/integrated-systems-desgin/Lab2/CMcnally_Lab2_AdvancedTestbench/CMcnally_Lab2_AdvancedTestbench.xpr
Scanning sources...
Finished scanning sources
INFO: [IP_Flow 19-234] Refreshing IP repositories
INFO: [IP_Flow 19-1704] No user IP repositories specified
INFO: [IP_Flow 19-2313] Loaded Vivado IP repository '/tools/Xilinx/Vivado/2018.3/data/ip'.
open_project: Time (s): cpu = 00:00:14 ; elapsed = 00:00:06 . Memory (MB): peak = 6367.625 ; gain = 82.973 ; free physical = 978 ; free virtual = 5810
update_compile_order -fileset sources_1
