
*** Running vivado
    with args -log stop_watch_test_2.vds -m64 -product Vivado -mode batch -messageDb vivado.pb -notrace -source stop_watch_test_2.tcl


****** Vivado v2017.4 (64-bit)
  **** SW Build 2086221 on Fri Dec 15 20:55:39 MST 2017
  **** IP Build 2085800 on Fri Dec 15 22:25:07 MST 2017
    ** Copyright 1986-2017 Xilinx, Inc. All Rights Reserved.

source stop_watch_test_2.tcl -notrace
Command: synth_design -top stop_watch_test_2 -part xc7a35tcpg236-1
Starting synth_design
Attempting to get a license for feature 'Synthesis' and/or device 'xc7a35t'
INFO: [Common 17-349] Got license for feature 'Synthesis' and/or device 'xc7a35t'
INFO: Launching helper process for spawning children vivado processes
INFO: Helper process launched with PID 21104 
---------------------------------------------------------------------------------
Starting RTL Elaboration : Time (s): cpu = 00:00:06 ; elapsed = 00:00:06 . Memory (MB): peak = 344.496 ; gain = 100.426
---------------------------------------------------------------------------------
INFO: [Synth 8-638] synthesizing module 'stop_watch_test_2' [C:/Users/conor/Year 3/Semester 2/3C7 Digital Systems Design/LabG/Stopwatch_2/stop_watch_test_2.v:2]
INFO: [Synth 8-638] synthesizing module 'disp_hex_mux' [C:/Users/conor/Year 3/Semester 2/3C7 Digital Systems Design/LabG/Stopwatch_2/disp_hex_mux_2.v:2]
	Parameter N bound to: 18 - type: integer 
INFO: [Synth 8-226] default block is never used [C:/Users/conor/Year 3/Semester 2/3C7 Digital Systems Design/LabG/Stopwatch_2/disp_hex_mux_2.v:64]
INFO: [Synth 8-256] done synthesizing module 'disp_hex_mux' (1#1) [C:/Users/conor/Year 3/Semester 2/3C7 Digital Systems Design/LabG/Stopwatch_2/disp_hex_mux_2.v:2]
INFO: [Synth 8-638] synthesizing module 'stop_watch_if_2' [C:/Users/conor/Year 3/Semester 2/3C7 Digital Systems Design/LabG/Stopwatch_2/stop_watch_if_2.v:2]
	Parameter DVSR bound to: 10000000 - type: integer 
INFO: [Synth 8-256] done synthesizing module 'stop_watch_if_2' (2#1) [C:/Users/conor/Year 3/Semester 2/3C7 Digital Systems Design/LabG/Stopwatch_2/stop_watch_if_2.v:2]
INFO: [Synth 8-256] done synthesizing module 'stop_watch_test_2' (3#1) [C:/Users/conor/Year 3/Semester 2/3C7 Digital Systems Design/LabG/Stopwatch_2/stop_watch_test_2.v:2]
---------------------------------------------------------------------------------
Finished RTL Elaboration : Time (s): cpu = 00:00:06 ; elapsed = 00:00:06 . Memory (MB): peak = 396.633 ; gain = 152.563
---------------------------------------------------------------------------------

Report Check Netlist: 
+------+------------------+-------+---------+-------+------------------+
|      |Item              |Errors |Warnings |Status |Description       |
+------+------------------+-------+---------+-------+------------------+
|1     |multi_driven_nets |      0|        0|Passed |Multi driven nets |
+------+------------------+-------+---------+-------+------------------+
---------------------------------------------------------------------------------
Finished RTL Optimization Phase 1 : Time (s): cpu = 00:00:07 ; elapsed = 00:00:07 . Memory (MB): peak = 396.633 ; gain = 152.563
---------------------------------------------------------------------------------
INFO: [Device 21-403] Loading part xc7a35tcpg236-1
INFO: [Project 1-570] Preparing netlist for logic optimization

Processing XDC Constraints
Initializing timing engine
Parsing XDC File [C:/Users/conor/Year 3/Semester 2/3C7 Digital Systems Design/LabG/Stopwatch_2/stopwatch_2.xdc]
Finished Parsing XDC File [C:/Users/conor/Year 3/Semester 2/3C7 Digital Systems Design/LabG/Stopwatch_2/stopwatch_2.xdc]
INFO: [Project 1-236] Implementation specific constraints were found while reading constraint file [C:/Users/conor/Year 3/Semester 2/3C7 Digital Systems Design/LabG/Stopwatch_2/stopwatch_2.xdc]. These constraints will be ignored for synthesis but will be used in implementation. Impacted constraints are listed in the file [.Xil/stop_watch_test_2_propImpl.xdc].
Resolution: To avoid this warning, move constraints listed in [.Xil/stop_watch_test_2_propImpl.xdc] to another XDC file and exclude this new file from synthesis with the used_in_synthesis property (File Properties dialog in GUI) and re-run elaboration/synthesis.
Completed Processing XDC Constraints

INFO: [Project 1-111] Unisim Transformation Summary:
No Unisim elements were transformed.

Constraint Validation Runtime : Time (s): cpu = 00:00:00 ; elapsed = 00:00:00.003 . Memory (MB): peak = 731.043 ; gain = 0.000
---------------------------------------------------------------------------------
Finished Constraint Validation : Time (s): cpu = 00:00:19 ; elapsed = 00:00:20 . Memory (MB): peak = 731.043 ; gain = 486.973
---------------------------------------------------------------------------------
---------------------------------------------------------------------------------
Start Loading Part and Timing Information
---------------------------------------------------------------------------------
Loading part: xc7a35tcpg236-1
---------------------------------------------------------------------------------
Finished Loading Part and Timing Information : Time (s): cpu = 00:00:19 ; elapsed = 00:00:20 . Memory (MB): peak = 731.043 ; gain = 486.973
---------------------------------------------------------------------------------
---------------------------------------------------------------------------------
Start Applying 'set_property' XDC Constraints
---------------------------------------------------------------------------------
---------------------------------------------------------------------------------
Finished applying 'set_property' XDC Constraints : Time (s): cpu = 00:00:19 ; elapsed = 00:00:20 . Memory (MB): peak = 731.043 ; gain = 486.973
---------------------------------------------------------------------------------
WARNING: [Synth 8-6014] Unused sequential element q_reg_reg was removed.  [C:/Users/conor/Year 3/Semester 2/3C7 Digital Systems Design/LabG/Stopwatch_2/disp_hex_mux_2.v:24]
INFO: [Synth 8-5818] HDL ADVISOR - The operator resource <adder> is shared. To prevent sharing consider applying a KEEP on the output of the operator [C:/Users/conor/Year 3/Semester 2/3C7 Digital Systems Design/LabG/Stopwatch_2/stop_watch_if_2.v:53]
INFO: [Synth 8-5818] HDL ADVISOR - The operator resource <adder> is shared. To prevent sharing consider applying a KEEP on the output of the operator [C:/Users/conor/Year 3/Semester 2/3C7 Digital Systems Design/LabG/Stopwatch_2/stop_watch_if_2.v:53]
INFO: [Synth 8-5818] HDL ADVISOR - The operator resource <adder> is shared. To prevent sharing consider applying a KEEP on the output of the operator [C:/Users/conor/Year 3/Semester 2/3C7 Digital Systems Design/LabG/Stopwatch_2/stop_watch_if_2.v:53]
INFO: [Synth 8-5818] HDL ADVISOR - The operator resource <adder> is shared. To prevent sharing consider applying a KEEP on the output of the operator [C:/Users/conor/Year 3/Semester 2/3C7 Digital Systems Design/LabG/Stopwatch_2/stop_watch_if_2.v:53]
INFO: [Synth 8-5546] ROM "ms_tick" won't be mapped to RAM because it is too sparse
WARNING: [Synth 8-6014] Unused sequential element ms_reg_reg was removed.  [C:/Users/conor/Year 3/Semester 2/3C7 Digital Systems Design/LabG/Stopwatch_2/stop_watch_if_2.v:21]
INFO: [Synth 8-5546] ROM "ms_tick" won't be mapped to RAM because it is too sparse
INFO: [Synth 8-5544] ROM "d1_next" won't be mapped to Block RAM because address size (1) smaller than threshold (5)
INFO: [Synth 8-5544] ROM "d1_next" won't be mapped to Block RAM because address size (1) smaller than threshold (5)
INFO: [Synth 8-5544] ROM "d0_next" won't be mapped to Block RAM because address size (1) smaller than threshold (5)
INFO: [Synth 8-5544] ROM "d0_next" won't be mapped to Block RAM because address size (1) smaller than threshold (5)
---------------------------------------------------------------------------------
Finished RTL Optimization Phase 2 : Time (s): cpu = 00:00:19 ; elapsed = 00:00:20 . Memory (MB): peak = 731.043 ; gain = 486.973
---------------------------------------------------------------------------------

Report RTL Partitions: 
+-+--------------+------------+----------+
| |RTL Partition |Replication |Instances |
+-+--------------+------------+----------+
+-+--------------+------------+----------+
---------------------------------------------------------------------------------
Start RTL Component Statistics 
---------------------------------------------------------------------------------
Detailed RTL Component Info : 
+---Adders : 
	   2 Input      4 Bit       Adders := 4     
+---Registers : 
	                4 Bit    Registers := 4     
+---Muxes : 
	   4 Input      4 Bit        Muxes := 3     
	   2 Input      4 Bit        Muxes := 7     
	   5 Input      4 Bit        Muxes := 1     
	   6 Input      4 Bit        Muxes := 1     
	   7 Input      4 Bit        Muxes := 1     
	   3 Input      3 Bit        Muxes := 1     
	   4 Input      3 Bit        Muxes := 1     
	   6 Input      3 Bit        Muxes := 2     
	   2 Input      2 Bit        Muxes := 4     
	   4 Input      1 Bit        Muxes := 1     
	   2 Input      1 Bit        Muxes := 4     
---------------------------------------------------------------------------------
Finished RTL Component Statistics 
---------------------------------------------------------------------------------
---------------------------------------------------------------------------------
Start RTL Hierarchical Component Statistics 
---------------------------------------------------------------------------------
Hierarchical RTL Component report 
Module disp_hex_mux 
Detailed RTL Component Info : 
+---Muxes : 
	   4 Input      4 Bit        Muxes := 2     
	   4 Input      1 Bit        Muxes := 1     
Module stop_watch_if_2 
Detailed RTL Component Info : 
+---Adders : 
	   2 Input      4 Bit       Adders := 4     
+---Registers : 
	                4 Bit    Registers := 4     
+---Muxes : 
	   4 Input      4 Bit        Muxes := 1     
	   2 Input      4 Bit        Muxes := 7     
	   5 Input      4 Bit        Muxes := 1     
	   6 Input      4 Bit        Muxes := 1     
	   7 Input      4 Bit        Muxes := 1     
	   3 Input      3 Bit        Muxes := 1     
	   4 Input      3 Bit        Muxes := 1     
	   6 Input      3 Bit        Muxes := 2     
	   2 Input      2 Bit        Muxes := 4     
	   2 Input      1 Bit        Muxes := 4     
---------------------------------------------------------------------------------
Finished RTL Hierarchical Component Statistics
---------------------------------------------------------------------------------
---------------------------------------------------------------------------------
Start Part Resource Summary
---------------------------------------------------------------------------------
Part Resources:
DSPs: 90 (col length:60)
BRAMs: 100 (col length: RAMB18 60 RAMB36 30)
---------------------------------------------------------------------------------
Finished Part Resource Summary
---------------------------------------------------------------------------------
---------------------------------------------------------------------------------
Start Cross Boundary and Area Optimization
---------------------------------------------------------------------------------
INFO: [Synth 8-5546] ROM "counter_unit/ms_tick" won't be mapped to RAM because it is too sparse
WARNING: [Synth 8-6014] Unused sequential element disp_unit/q_reg_reg was removed.  [C:/Users/conor/Year 3/Semester 2/3C7 Digital Systems Design/LabG/Stopwatch_2/disp_hex_mux_2.v:24]
WARNING: [Synth 8-6014] Unused sequential element counter_unit/ms_reg_reg was removed.  [C:/Users/conor/Year 3/Semester 2/3C7 Digital Systems Design/LabG/Stopwatch_2/stop_watch_if_2.v:21]
---------------------------------------------------------------------------------
Finished Cross Boundary and Area Optimization : Time (s): cpu = 00:00:20 ; elapsed = 00:00:21 . Memory (MB): peak = 731.043 ; gain = 486.973
---------------------------------------------------------------------------------

Report RTL Partitions: 
+-+--------------+------------+----------+
| |RTL Partition |Replication |Instances |
+-+--------------+------------+----------+
+-+--------------+------------+----------+
---------------------------------------------------------------------------------
Start Applying XDC Timing Constraints
---------------------------------------------------------------------------------
---------------------------------------------------------------------------------
Finished Applying XDC Timing Constraints : Time (s): cpu = 00:00:29 ; elapsed = 00:00:30 . Memory (MB): peak = 731.043 ; gain = 486.973
---------------------------------------------------------------------------------
---------------------------------------------------------------------------------
Start Timing Optimization
---------------------------------------------------------------------------------
---------------------------------------------------------------------------------
Finished Timing Optimization : Time (s): cpu = 00:00:29 ; elapsed = 00:00:30 . Memory (MB): peak = 744.910 ; gain = 500.840
---------------------------------------------------------------------------------

Report RTL Partitions: 
+-+--------------+------------+----------+
| |RTL Partition |Replication |Instances |
+-+--------------+------------+----------+
+-+--------------+------------+----------+
---------------------------------------------------------------------------------
Start Technology Mapping
---------------------------------------------------------------------------------
---------------------------------------------------------------------------------
Finished Technology Mapping : Time (s): cpu = 00:00:29 ; elapsed = 00:00:30 . Memory (MB): peak = 746.836 ; gain = 502.766
---------------------------------------------------------------------------------

Report RTL Partitions: 
+-+--------------+------------+----------+
| |RTL Partition |Replication |Instances |
+-+--------------+------------+----------+
+-+--------------+------------+----------+
---------------------------------------------------------------------------------
Start IO Insertion
---------------------------------------------------------------------------------
---------------------------------------------------------------------------------
Start Flattening Before IO Insertion
---------------------------------------------------------------------------------
---------------------------------------------------------------------------------
Finished Flattening Before IO Insertion
---------------------------------------------------------------------------------
---------------------------------------------------------------------------------
Start Final Netlist Cleanup
---------------------------------------------------------------------------------
---------------------------------------------------------------------------------
Finished Final Netlist Cleanup
---------------------------------------------------------------------------------
---------------------------------------------------------------------------------
Finished IO Insertion : Time (s): cpu = 00:00:30 ; elapsed = 00:00:31 . Memory (MB): peak = 746.836 ; gain = 502.766
---------------------------------------------------------------------------------

Report Check Netlist: 
+------+------------------+-------+---------+-------+------------------+
|      |Item              |Errors |Warnings |Status |Description       |
+------+------------------+-------+---------+-------+------------------+
|1     |multi_driven_nets |      0|        0|Passed |Multi driven nets |
+------+------------------+-------+---------+-------+------------------+
---------------------------------------------------------------------------------
Start Renaming Generated Instances
---------------------------------------------------------------------------------
---------------------------------------------------------------------------------
Finished Renaming Generated Instances : Time (s): cpu = 00:00:30 ; elapsed = 00:00:31 . Memory (MB): peak = 746.836 ; gain = 502.766
---------------------------------------------------------------------------------

Report RTL Partitions: 
+-+--------------+------------+----------+
| |RTL Partition |Replication |Instances |
+-+--------------+------------+----------+
+-+--------------+------------+----------+
---------------------------------------------------------------------------------
Start Rebuilding User Hierarchy
---------------------------------------------------------------------------------
---------------------------------------------------------------------------------
Finished Rebuilding User Hierarchy : Time (s): cpu = 00:00:30 ; elapsed = 00:00:31 . Memory (MB): peak = 746.836 ; gain = 502.766
---------------------------------------------------------------------------------
---------------------------------------------------------------------------------
Start Renaming Generated Ports
---------------------------------------------------------------------------------
---------------------------------------------------------------------------------
Finished Renaming Generated Ports : Time (s): cpu = 00:00:30 ; elapsed = 00:00:31 . Memory (MB): peak = 746.836 ; gain = 502.766
---------------------------------------------------------------------------------
---------------------------------------------------------------------------------
Start Handling Custom Attributes
---------------------------------------------------------------------------------
---------------------------------------------------------------------------------
Finished Handling Custom Attributes : Time (s): cpu = 00:00:30 ; elapsed = 00:00:31 . Memory (MB): peak = 746.836 ; gain = 502.766
---------------------------------------------------------------------------------
---------------------------------------------------------------------------------
Start Renaming Generated Nets
---------------------------------------------------------------------------------
---------------------------------------------------------------------------------
Finished Renaming Generated Nets : Time (s): cpu = 00:00:30 ; elapsed = 00:00:31 . Memory (MB): peak = 746.836 ; gain = 502.766
---------------------------------------------------------------------------------
---------------------------------------------------------------------------------
Start Writing Synthesis Report
---------------------------------------------------------------------------------

Report BlackBoxes: 
+-+--------------+----------+
| |BlackBox name |Instances |
+-+--------------+----------+
+-+--------------+----------+

Report Cell Usage: 
+------+-------+------+
|      |Cell   |Count |
+------+-------+------+
|1     |BUFG   |     1|
|2     |CARRY4 |    11|
|3     |LUT1   |     3|
|4     |LUT2   |     4|
|5     |LUT3   |     7|
|6     |LUT4   |    22|
|7     |LUT5   |    14|
|8     |LUT6   |    22|
|9     |FDRE   |    58|
|10    |IBUF   |     4|
|11    |OBUF   |    12|
+------+-------+------+

Report Instance Areas: 
+------+---------------+----------------+------+
|      |Instance       |Module          |Cells |
+------+---------------+----------------+------+
|1     |top            |                |   158|
|2     |  counter_unit |stop_watch_if_2 |   112|
|3     |  disp_unit    |disp_hex_mux    |    29|
+------+---------------+----------------+------+
---------------------------------------------------------------------------------
Finished Writing Synthesis Report : Time (s): cpu = 00:00:30 ; elapsed = 00:00:31 . Memory (MB): peak = 746.836 ; gain = 502.766
---------------------------------------------------------------------------------
Synthesis finished with 0 errors, 0 critical warnings and 4 warnings.
Synthesis Optimization Runtime : Time (s): cpu = 00:00:17 ; elapsed = 00:00:24 . Memory (MB): peak = 746.836 ; gain = 168.355
Synthesis Optimization Complete : Time (s): cpu = 00:00:30 ; elapsed = 00:00:31 . Memory (MB): peak = 746.836 ; gain = 502.766
INFO: [Project 1-571] Translating synthesized netlist
INFO: [Netlist 29-17] Analyzing 15 Unisim elements for replacement
INFO: [Netlist 29-28] Unisim Transformation completed in 0 CPU seconds
INFO: [Project 1-570] Preparing netlist for logic optimization
INFO: [Opt 31-138] Pushed 0 inverter(s) to 0 load pin(s).
INFO: [Project 1-111] Unisim Transformation Summary:
No Unisim elements were transformed.

INFO: [Common 17-83] Releasing license: Synthesis
30 Infos, 4 Warnings, 0 Critical Warnings and 0 Errors encountered.
synth_design completed successfully
synth_design: Time (s): cpu = 00:00:32 ; elapsed = 00:00:35 . Memory (MB): peak = 746.836 ; gain = 515.902
INFO: [Common 17-1381] The checkpoint 'C:/Users/conor/Year 3/Semester 2/3C7 Digital Systems Design/LabG/Stopwatch_2/Stopwatch_2/Stopwatch_2.runs/synth_1/stop_watch_test_2.dcp' has been generated.
INFO: [runtcl-4] Executing : report_utilization -file stop_watch_test_2_utilization_synth.rpt -pb stop_watch_test_2_utilization_synth.pb
report_utilization: Time (s): cpu = 00:00:00 ; elapsed = 00:00:00.028 . Memory (MB): peak = 746.836 ; gain = 0.000
INFO: [Common 17-206] Exiting Vivado at Thu Mar 21 19:51:57 2019...
